Flow report for caminhoDados
Tue Nov 18 21:37:26 2025
Quartus II 64-Bit Version 13.0.1 Build 232 06/12/2013 Service Pack 1 SJ Web Edition


---------------------
; Table of Contents ;
---------------------
  1. Legal Notice
  2. Flow Summary
  3. Flow Settings
  4. Flow Non-Default Global Settings
  5. Flow Elapsed Time
  6. Flow OS Summary
  7. Flow Log
  8. Flow Messages
  9. Flow Suppressed Messages



----------------
; Legal Notice ;
----------------
Copyright (C) 1991-2013 Altera Corporation
Your use of Altera Corporation's design tools, logic functions 
and other software and tools, and its AMPP partner logic 
functions, and any output files from any of the foregoing 
(including device programming or simulation files), and any 
associated documentation or information are expressly subject 
to the terms and conditions of the Altera Program License 
Subscription Agreement, Altera MegaCore Function License 
Agreement, or other applicable license agreement, including, 
without limitation, that your use is for the sole purpose of 
programming logic devices manufactured by Altera and sold by 
Altera or its authorized distributors.  Please refer to the 
applicable agreement for further details.



+--------------------------------------------------------------------------------------+
; Flow Summary                                                                         ;
+------------------------------------+-------------------------------------------------+
; Flow Status                        ; Successful - Tue Nov 18 21:37:26 2025           ;
; Quartus II 64-Bit Version          ; 13.0.1 Build 232 06/12/2013 SP 1 SJ Web Edition ;
; Revision Name                      ; caminhoDados                                    ;
; Top-level Entity Name              ; pratica8_top                                    ;
; Family                             ; Cyclone II                                      ;
; Device                             ; EP2C35F672C6                                    ;
; Timing Models                      ; Final                                           ;
; Total logic elements               ; 2,160 / 33,216 ( 7 % )                          ;
;     Total combinational functions  ; 2,147 / 33,216 ( 6 % )                          ;
;     Dedicated logic registers      ; 671 / 33,216 ( 2 % )                            ;
; Total registers                    ; 671                                             ;
; Total pins                         ; 101 / 475 ( 21 % )                              ;
; Total virtual pins                 ; 0                                               ;
; Total memory bits                  ; 0 / 483,840 ( 0 % )                             ;
; Embedded Multiplier 9-bit elements ; 0 / 70 ( 0 % )                                  ;
; Total PLLs                         ; 0 / 4 ( 0 % )                                   ;
+------------------------------------+-------------------------------------------------+


+-----------------------------------------+
; Flow Settings                           ;
+-------------------+---------------------+
; Option            ; Setting             ;
+-------------------+---------------------+
; Start date & time ; 11/18/2025 21:36:34 ;
; Main task         ; Compilation         ;
; Revision Name     ; caminhoDados        ;
+-------------------+---------------------+


+------------------------------------------------------------------------------------------------------------------------------+
; Flow Non-Default Global Settings                                                                                             ;
+--------------------------------------+---------------------------------------+---------------+--------------+----------------+
; Assignment Name                      ; Value                                 ; Default Value ; Entity Name  ; Section Id     ;
+--------------------------------------+---------------------------------------+---------------+--------------+----------------+
; COMPILER_SIGNATURE_ID                ; 91759187911.176351259422084           ; --            ; --           ; --             ;
; EDA_DESIGN_INSTANCE_NAME             ; NA                                    ; --            ; --           ; processador_tb ;
; EDA_DESIGN_INSTANCE_NAME             ; NA                                    ; --            ; --           ; pratica8_top   ;
; EDA_NATIVELINK_SIMULATION_TEST_BENCH ; processador_tb                        ; --            ; --           ; eda_simulation ;
; EDA_OUTPUT_DATA_FORMAT               ; Verilog Hdl                           ; --            ; --           ; eda_simulation ;
; EDA_SIMULATION_TOOL                  ; ModelSim-Altera (Verilog)             ; <None>        ; --           ; --             ;
; EDA_TEST_BENCH_ENABLE_STATUS         ; TEST_BENCH_MODE                       ; --            ; --           ; eda_simulation ;
; EDA_TEST_BENCH_FILE                  ; processador_tb.v                      ; --            ; --           ; processador_tb ;
; EDA_TEST_BENCH_FILE                  ; pratica8_top.v                        ; --            ; --           ; pratica8_top   ;
; EDA_TEST_BENCH_MODULE_NAME           ; processador_tb                        ; --            ; --           ; processador_tb ;
; EDA_TEST_BENCH_MODULE_NAME           ; pratica8_top                          ; --            ; --           ; pratica8_top   ;
; EDA_TEST_BENCH_NAME                  ; processador_tb                        ; --            ; --           ; eda_simulation ;
; EDA_TEST_BENCH_NAME                  ; pratica8_top                          ; --            ; --           ; eda_simulation ;
; EDA_TIME_SCALE                       ; 1 ps                                  ; --            ; --           ; eda_simulation ;
; MAX_CORE_JUNCTION_TEMP               ; 85                                    ; --            ; --           ; --             ;
; MIN_CORE_JUNCTION_TEMP               ; 0                                     ; --            ; --           ; --             ;
; PARTITION_COLOR                      ; 16764057                              ; --            ; pratica8_top ; Top            ;
; PARTITION_FITTER_PRESERVATION_LEVEL  ; PLACEMENT_AND_ROUTING                 ; --            ; pratica8_top ; Top            ;
; PARTITION_NETLIST_TYPE               ; SOURCE                                ; --            ; pratica8_top ; Top            ;
; POWER_BOARD_THERMAL_MODEL            ; None (CONSERVATIVE)                   ; --            ; --           ; --             ;
; POWER_PRESET_COOLING_SOLUTION        ; 23 MM HEAT SINK WITH 200 LFPM AIRFLOW ; --            ; --           ; --             ;
; PROJECT_OUTPUT_DIRECTORY             ; output_files                          ; --            ; --           ; --             ;
; TOP_LEVEL_ENTITY                     ; pratica8_top                          ; caminhoDados  ; --           ; --             ;
+--------------------------------------+---------------------------------------+---------------+--------------+----------------+


+-------------------------------------------------------------------------------------------------------------------------------+
; Flow Elapsed Time                                                                                                             ;
+---------------------------+--------------+-------------------------+---------------------+------------------------------------+
; Module Name               ; Elapsed Time ; Average Processors Used ; Peak Virtual Memory ; Total CPU Time (on all processors) ;
+---------------------------+--------------+-------------------------+---------------------+------------------------------------+
; Analysis & Synthesis      ; 00:00:14     ; 1.0                     ; 4603 MB             ; 00:00:13                           ;
; Fitter                    ; 00:00:25     ; 1.0                     ; 4907 MB             ; 00:00:25                           ;
; Assembler                 ; 00:00:03     ; 1.0                     ; 4566 MB             ; 00:00:02                           ;
; TimeQuest Timing Analyzer ; 00:00:02     ; 1.0                     ; 4586 MB             ; 00:00:02                           ;
; EDA Netlist Writer        ; 00:00:02     ; 1.0                     ; 4540 MB             ; 00:00:02                           ;
; Total                     ; 00:00:46     ; --                      ; --                  ; 00:00:44                           ;
+---------------------------+--------------+-------------------------+---------------------+------------------------------------+


+----------------------------------------------------------------------------------------+
; Flow OS Summary                                                                        ;
+---------------------------+------------------+-----------+------------+----------------+
; Module Name               ; Machine Hostname ; OS Name   ; OS Version ; Processor type ;
+---------------------------+------------------+-----------+------------+----------------+
; Analysis & Synthesis      ; Estevam          ; Windows 7 ; 6.2        ; x86_64         ;
; Fitter                    ; Estevam          ; Windows 7 ; 6.2        ; x86_64         ;
; Assembler                 ; Estevam          ; Windows 7 ; 6.2        ; x86_64         ;
; TimeQuest Timing Analyzer ; Estevam          ; Windows 7 ; 6.2        ; x86_64         ;
; EDA Netlist Writer        ; Estevam          ; Windows 7 ; 6.2        ; x86_64         ;
+---------------------------+------------------+-----------+------------+----------------+


------------
; Flow Log ;
------------
quartus_map --read_settings_files=on --write_settings_files=off caminhoDados -c caminhoDados
quartus_fit --read_settings_files=off --write_settings_files=off caminhoDados -c caminhoDados
quartus_asm --read_settings_files=off --write_settings_files=off caminhoDados -c caminhoDados
quartus_sta caminhoDados -c caminhoDados
quartus_eda --read_settings_files=off --write_settings_files=off caminhoDados -c caminhoDados



