Flow report for instrucaoDesvio
Wed Nov 26 10:47:03 2025
Quartus Prime Version 24.1std.0 Build 1077 03/04/2025 SC Lite Edition


---------------------
; Table of Contents ;
---------------------
  1. Legal Notice
  2. Flow Summary
  3. Flow Settings
  4. Flow Non-Default Global Settings
  5. Flow Elapsed Time
  6. Flow OS Summary
  7. Flow Log
  8. Flow Messages
  9. Flow Suppressed Messages



----------------
; Legal Notice ;
----------------
Copyright (C) 2025  Altera Corporation. All rights reserved.
Your use of Altera Corporation's design tools, logic functions 
and other software and tools, and any partner logic 
functions, and any output files from any of the foregoing 
(including device programming or simulation files), and any 
associated documentation or information are expressly subject 
to the terms and conditions of the Altera Program License 
Subscription Agreement, the Altera Quartus Prime License Agreement,
the Altera IP License Agreement, or other applicable license
agreement, including, without limitation, that your use is for
the sole purpose of programming logic devices manufactured by
Altera and sold by Altera or its authorized distributors.  Please
refer to the Altera Software License Subscription Agreements 
on the Quartus Prime software download page.



+--------------------------------------------------------------------------------------+
; Flow Summary                                                                         ;
+------------------------------------+-------------------------------------------------+
; Flow Status                        ; Successful - Wed Nov 26 10:47:03 2025           ;
; Quartus Prime Version              ; 24.1std.0 Build 1077 03/04/2025 SC Lite Edition ;
; Revision Name                      ; instrucaoDesvio                                 ;
; Top-level Entity Name              ; pratica10_top                                   ;
; Family                             ; MAX 10                                          ;
; Device                             ; 10M50DAF484C7G                                  ;
; Timing Models                      ; Final                                           ;
; Total logic elements               ; 2,159 / 49,760 ( 4 % )                          ;
;     Total combinational functions  ; 2,147 / 49,760 ( 4 % )                          ;
;     Dedicated logic registers      ; 674 / 49,760 ( 1 % )                            ;
; Total registers                    ; 674                                             ;
; Total pins                         ; 63 / 360 ( 18 % )                               ;
; Total virtual pins                 ; 0                                               ;
; Total memory bits                  ; 0 / 1,677,312 ( 0 % )                           ;
; Embedded Multiplier 9-bit elements ; 0 / 288 ( 0 % )                                 ;
; Total PLLs                         ; 0 / 4 ( 0 % )                                   ;
; UFM blocks                         ; 0 / 1 ( 0 % )                                   ;
; ADC blocks                         ; 0 / 2 ( 0 % )                                   ;
+------------------------------------+-------------------------------------------------+


+-----------------------------------------+
; Flow Settings                           ;
+-------------------+---------------------+
; Option            ; Setting             ;
+-------------------+---------------------+
; Start date & time ; 11/26/2025 10:45:50 ;
; Main task         ; Compilation         ;
; Revision Name     ; instrucaoDesvio     ;
+-------------------+---------------------+


+----------------------------------------------------------------------------------------------------------------------------------+
; Flow Non-Default Global Settings                                                                                                 ;
+--------------------------------------+----------------------------------------+-----------------+---------------+----------------+
; Assignment Name                      ; Value                                  ; Default Value   ; Entity Name   ; Section Id     ;
+--------------------------------------+----------------------------------------+-----------------+---------------+----------------+
; COMPILER_SIGNATURE_ID                ; 144032270532947.176416474915968        ; --              ; --            ; --             ;
; EDA_DESIGN_INSTANCE_NAME             ; NA                                     ; --              ; --            ; processador_tb ;
; EDA_NATIVELINK_SIMULATION_TEST_BENCH ; processador_tb                         ; --              ; --            ; eda_simulation ;
; EDA_OUTPUT_DATA_FORMAT               ; Verilog Hdl                            ; --              ; --            ; eda_simulation ;
; EDA_SIMULATION_TOOL                  ; Questa Intel FPGA (Verilog)            ; <None>          ; --            ; --             ;
; EDA_TEST_BENCH_ENABLE_STATUS         ; TEST_BENCH_MODE                        ; --              ; --            ; eda_simulation ;
; EDA_TEST_BENCH_FILE                  ; processador_tb.v                       ; --              ; --            ; processador_tb ;
; EDA_TEST_BENCH_MODULE_NAME           ; processador_tb                         ; --              ; --            ; processador_tb ;
; EDA_TEST_BENCH_NAME                  ; processador_tb                         ; --              ; --            ; eda_simulation ;
; EDA_TIME_SCALE                       ; 1 ps                                   ; --              ; --            ; eda_simulation ;
; MAX_CORE_JUNCTION_TEMP               ; 85                                     ; --              ; --            ; --             ;
; MIN_CORE_JUNCTION_TEMP               ; 0                                      ; --              ; --            ; --             ;
; PARTITION_COLOR                      ; -- (Not supported for targeted family) ; --              ; pratica10_top ; Top            ;
; PARTITION_FITTER_PRESERVATION_LEVEL  ; -- (Not supported for targeted family) ; --              ; pratica10_top ; Top            ;
; PARTITION_NETLIST_TYPE               ; -- (Not supported for targeted family) ; --              ; pratica10_top ; Top            ;
; POWER_BOARD_THERMAL_MODEL            ; None (CONSERVATIVE)                    ; --              ; --            ; --             ;
; POWER_PRESET_COOLING_SOLUTION        ; 23 MM HEAT SINK WITH 200 LFPM AIRFLOW  ; --              ; --            ; --             ;
; PROJECT_OUTPUT_DIRECTORY             ; output_files                           ; --              ; --            ; --             ;
; TOP_LEVEL_ENTITY                     ; pratica10_top                          ; instrucaoDesvio ; --            ; --             ;
+--------------------------------------+----------------------------------------+-----------------+---------------+----------------+


+--------------------------------------------------------------------------------------------------------------------------+
; Flow Elapsed Time                                                                                                        ;
+----------------------+--------------+-------------------------+---------------------+------------------------------------+
; Module Name          ; Elapsed Time ; Average Processors Used ; Peak Virtual Memory ; Total CPU Time (on all processors) ;
+----------------------+--------------+-------------------------+---------------------+------------------------------------+
; Analysis & Synthesis ; 00:00:23     ; 1.0                     ; 4858 MB             ; 00:00:43                           ;
; Fitter               ; 00:00:35     ; 1.4                     ; 5987 MB             ; 00:01:17                           ;
; Assembler            ; 00:00:03     ; 1.0                     ; 4827 MB             ; 00:00:03                           ;
; Timing Analyzer      ; 00:00:05     ; 2.3                     ; 4957 MB             ; 00:00:10                           ;
; EDA Netlist Writer   ; 00:00:01     ; 1.0                     ; 4690 MB             ; 00:00:01                           ;
; Total                ; 00:01:07     ; --                      ; --                  ; 00:02:14                           ;
+----------------------+--------------+-------------------------+---------------------+------------------------------------+


+------------------------------------------------------------------------------------+
; Flow OS Summary                                                                    ;
+----------------------+------------------+------------+------------+----------------+
; Module Name          ; Machine Hostname ; OS Name    ; OS Version ; Processor type ;
+----------------------+------------------+------------+------------+----------------+
; Analysis & Synthesis ; Estevam          ; Windows 10 ; 10.0       ; x86_64         ;
; Fitter               ; Estevam          ; Windows 10 ; 10.0       ; x86_64         ;
; Assembler            ; Estevam          ; Windows 10 ; 10.0       ; x86_64         ;
; Timing Analyzer      ; Estevam          ; Windows 10 ; 10.0       ; x86_64         ;
; EDA Netlist Writer   ; Estevam          ; Windows 10 ; 10.0       ; x86_64         ;
+----------------------+------------------+------------+------------+----------------+


------------
; Flow Log ;
------------
quartus_map --read_settings_files=on --write_settings_files=off instrucaoDesvio -c instrucaoDesvio
quartus_fit --read_settings_files=off --write_settings_files=off instrucaoDesvio -c instrucaoDesvio
quartus_asm --read_settings_files=off --write_settings_files=off instrucaoDesvio -c instrucaoDesvio
quartus_sta instrucaoDesvio -c instrucaoDesvio
quartus_eda --read_settings_files=off --write_settings_files=off instrucaoDesvio -c instrucaoDesvio



