Analysis & Synthesis report for ULA_top
Wed Oct 15 10:59:18 2025
Quartus II 64-Bit Version 13.0.1 Build 232 06/12/2013 Service Pack 1 SJ Web Edition


---------------------
; Table of Contents ;
---------------------
  1. Legal Notice
  2. Analysis & Synthesis Summary
  3. Analysis & Synthesis Settings
  4. Parallel Compilation
  5. Analysis & Synthesis Source Files Read
  6. Analysis & Synthesis Resource Usage Summary
  7. Analysis & Synthesis Resource Utilization by Entity
  8. General Register Statistics
  9. Multiplexer Restructuring Statistics (Restructuring Performed)
 10. Parameter Settings for Inferred Entity Instance: lpm_divide:Mod0
 11. Parameter Settings for Inferred Entity Instance: lpm_divide:Div0
 12. Parameter Settings for Inferred Entity Instance: lpm_divide:Mod2
 13. Parameter Settings for Inferred Entity Instance: lpm_divide:Mod1
 14. Port Connectivity Checks: "valor_absoluto:res_abs|somador6bits:abs|somador1bit:ripple[5].inverte"
 15. Port Connectivity Checks: "valor_absoluto:res_abs|somador6bits:abs|somador1bit:ripple[4].inverte"
 16. Port Connectivity Checks: "valor_absoluto:res_abs|somador6bits:abs|somador1bit:ripple[3].inverte"
 17. Port Connectivity Checks: "valor_absoluto:res_abs|somador6bits:abs|somador1bit:ripple[2].inverte"
 18. Port Connectivity Checks: "valor_absoluto:res_abs|somador6bits:abs|somador1bit:ripple[1].inverte"
 19. Port Connectivity Checks: "valor_absoluto:res_abs|somador6bits:abs|somador1bit:ripple[0].inverte"
 20. Port Connectivity Checks: "ULA32bits:ula|mux8por1_32bits:op|mux8por1_1bit:ripple[31].op"
 21. Port Connectivity Checks: "ULA32bits:ula|mux8por1_32bits:op|mux8por1_1bit:ripple[30].op"
 22. Port Connectivity Checks: "ULA32bits:ula|mux8por1_32bits:op|mux8por1_1bit:ripple[29].op"
 23. Port Connectivity Checks: "ULA32bits:ula|mux8por1_32bits:op|mux8por1_1bit:ripple[28].op"
 24. Port Connectivity Checks: "ULA32bits:ula|mux8por1_32bits:op|mux8por1_1bit:ripple[27].op"
 25. Port Connectivity Checks: "ULA32bits:ula|mux8por1_32bits:op|mux8por1_1bit:ripple[26].op"
 26. Port Connectivity Checks: "ULA32bits:ula|mux8por1_32bits:op|mux8por1_1bit:ripple[25].op"
 27. Port Connectivity Checks: "ULA32bits:ula|mux8por1_32bits:op|mux8por1_1bit:ripple[24].op"
 28. Port Connectivity Checks: "ULA32bits:ula|mux8por1_32bits:op|mux8por1_1bit:ripple[23].op"
 29. Port Connectivity Checks: "ULA32bits:ula|mux8por1_32bits:op|mux8por1_1bit:ripple[22].op"
 30. Port Connectivity Checks: "ULA32bits:ula|mux8por1_32bits:op|mux8por1_1bit:ripple[21].op"
 31. Port Connectivity Checks: "ULA32bits:ula|mux8por1_32bits:op|mux8por1_1bit:ripple[20].op"
 32. Port Connectivity Checks: "ULA32bits:ula|mux8por1_32bits:op|mux8por1_1bit:ripple[19].op"
 33. Port Connectivity Checks: "ULA32bits:ula|mux8por1_32bits:op|mux8por1_1bit:ripple[18].op"
 34. Port Connectivity Checks: "ULA32bits:ula|mux8por1_32bits:op|mux8por1_1bit:ripple[17].op"
 35. Port Connectivity Checks: "ULA32bits:ula|mux8por1_32bits:op|mux8por1_1bit:ripple[16].op"
 36. Port Connectivity Checks: "ULA32bits:ula|mux8por1_32bits:op|mux8por1_1bit:ripple[15].op"
 37. Port Connectivity Checks: "ULA32bits:ula|mux8por1_32bits:op|mux8por1_1bit:ripple[14].op"
 38. Port Connectivity Checks: "ULA32bits:ula|mux8por1_32bits:op|mux8por1_1bit:ripple[13].op"
 39. Port Connectivity Checks: "ULA32bits:ula|mux8por1_32bits:op|mux8por1_1bit:ripple[12].op"
 40. Port Connectivity Checks: "ULA32bits:ula|mux8por1_32bits:op|mux8por1_1bit:ripple[11].op"
 41. Port Connectivity Checks: "ULA32bits:ula|mux8por1_32bits:op|mux8por1_1bit:ripple[10].op"
 42. Port Connectivity Checks: "ULA32bits:ula|mux8por1_32bits:op|mux8por1_1bit:ripple[9].op"
 43. Port Connectivity Checks: "ULA32bits:ula|mux8por1_32bits:op|mux8por1_1bit:ripple[8].op"
 44. Port Connectivity Checks: "ULA32bits:ula|mux8por1_32bits:op|mux8por1_1bit:ripple[7].op"
 45. Port Connectivity Checks: "ULA32bits:ula|mux8por1_32bits:op|mux8por1_1bit:ripple[6].op"
 46. Port Connectivity Checks: "ULA32bits:ula|mux8por1_32bits:op|mux8por1_1bit:ripple[5].op"
 47. Port Connectivity Checks: "ULA32bits:ula|mux8por1_32bits:op|mux8por1_1bit:ripple[4].op"
 48. Port Connectivity Checks: "ULA32bits:ula|mux8por1_32bits:op|mux8por1_1bit:ripple[3].op"
 49. Port Connectivity Checks: "ULA32bits:ula|mux8por1_32bits:op|mux8por1_1bit:ripple[2].op"
 50. Port Connectivity Checks: "ULA32bits:ula|mux8por1_32bits:op|mux8por1_1bit:ripple[1].op"
 51. Port Connectivity Checks: "ULA32bits:ula|mux8por1_32bits:op|mux8por1_1bit:ripple[0].op"
 52. Port Connectivity Checks: "ULA32bits:ula|mux8por1_32bits:op"
 53. Port Connectivity Checks: "ULA32bits:ula|somador32bits:op_soma"
 54. Port Connectivity Checks: "ULA32bits:ula"
 55. Port Connectivity Checks: "extensor_sinal:b_estendido"
 56. Port Connectivity Checks: "extensor_sinal:a_estendido"
 57. Elapsed Time Per Partition
 58. Analysis & Synthesis Messages



----------------
; Legal Notice ;
----------------
Copyright (C) 1991-2013 Altera Corporation
Your use of Altera Corporation's design tools, logic functions 
and other software and tools, and its AMPP partner logic 
functions, and any output files from any of the foregoing 
(including device programming or simulation files), and any 
associated documentation or information are expressly subject 
to the terms and conditions of the Altera Program License 
Subscription Agreement, Altera MegaCore Function License 
Agreement, or other applicable license agreement, including, 
without limitation, that your use is for the sole purpose of 
programming logic devices manufactured by Altera and sold by 
Altera or its authorized distributors.  Please refer to the 
applicable agreement for further details.



+--------------------------------------------------------------------------------------+
; Analysis & Synthesis Summary                                                         ;
+------------------------------------+-------------------------------------------------+
; Analysis & Synthesis Status        ; Successful - Wed Oct 15 10:59:17 2025           ;
; Quartus II 64-Bit Version          ; 13.0.1 Build 232 06/12/2013 SP 1 SJ Web Edition ;
; Revision Name                      ; ULA_top                                         ;
; Top-level Entity Name              ; ULA_top                                         ;
; Family                             ; Cyclone II                                      ;
; Total logic elements               ; 111                                             ;
;     Total combinational functions  ; 111                                             ;
;     Dedicated logic registers      ; 0                                               ;
; Total registers                    ; 0                                               ;
; Total pins                         ; 100                                             ;
; Total virtual pins                 ; 0                                               ;
; Total memory bits                  ; 0                                               ;
; Embedded Multiplier 9-bit elements ; 0                                               ;
; Total PLLs                         ; 0                                               ;
+------------------------------------+-------------------------------------------------+


+----------------------------------------------------------------------------------------------------------------------+
; Analysis & Synthesis Settings                                                                                        ;
+----------------------------------------------------------------------------+--------------------+--------------------+
; Option                                                                     ; Setting            ; Default Value      ;
+----------------------------------------------------------------------------+--------------------+--------------------+
; Device                                                                     ; EP2C35F672C6       ;                    ;
; Top-level entity name                                                      ; ULA_top            ; ULA_top            ;
; Family name                                                                ; Cyclone II         ; Cyclone IV GX      ;
; Use smart compilation                                                      ; Off                ; Off                ;
; Enable parallel Assembler and TimeQuest Timing Analyzer during compilation ; On                 ; On                 ;
; Enable compact report table                                                ; Off                ; Off                ;
; Restructure Multiplexers                                                   ; Auto               ; Auto               ;
; Create Debugging Nodes for IP Cores                                        ; Off                ; Off                ;
; Preserve fewer node names                                                  ; On                 ; On                 ;
; Disable OpenCore Plus hardware evaluation                                  ; Off                ; Off                ;
; Verilog Version                                                            ; Verilog_2001       ; Verilog_2001       ;
; VHDL Version                                                               ; VHDL_1993          ; VHDL_1993          ;
; State Machine Processing                                                   ; Auto               ; Auto               ;
; Safe State Machine                                                         ; Off                ; Off                ;
; Extract Verilog State Machines                                             ; On                 ; On                 ;
; Extract VHDL State Machines                                                ; On                 ; On                 ;
; Ignore Verilog initial constructs                                          ; Off                ; Off                ;
; Iteration limit for constant Verilog loops                                 ; 5000               ; 5000               ;
; Iteration limit for non-constant Verilog loops                             ; 250                ; 250                ;
; Add Pass-Through Logic to Inferred RAMs                                    ; On                 ; On                 ;
; Infer RAMs from Raw Logic                                                  ; On                 ; On                 ;
; Parallel Synthesis                                                         ; On                 ; On                 ;
; DSP Block Balancing                                                        ; Auto               ; Auto               ;
; NOT Gate Push-Back                                                         ; On                 ; On                 ;
; Power-Up Don't Care                                                        ; On                 ; On                 ;
; Remove Redundant Logic Cells                                               ; Off                ; Off                ;
; Remove Duplicate Registers                                                 ; On                 ; On                 ;
; Ignore CARRY Buffers                                                       ; Off                ; Off                ;
; Ignore CASCADE Buffers                                                     ; Off                ; Off                ;
; Ignore GLOBAL Buffers                                                      ; Off                ; Off                ;
; Ignore ROW GLOBAL Buffers                                                  ; Off                ; Off                ;
; Ignore LCELL Buffers                                                       ; Off                ; Off                ;
; Ignore SOFT Buffers                                                        ; On                 ; On                 ;
; Limit AHDL Integers to 32 Bits                                             ; Off                ; Off                ;
; Optimization Technique                                                     ; Balanced           ; Balanced           ;
; Carry Chain Length                                                         ; 70                 ; 70                 ;
; Auto Carry Chains                                                          ; On                 ; On                 ;
; Auto Open-Drain Pins                                                       ; On                 ; On                 ;
; Perform WYSIWYG Primitive Resynthesis                                      ; Off                ; Off                ;
; Auto ROM Replacement                                                       ; On                 ; On                 ;
; Auto RAM Replacement                                                       ; On                 ; On                 ;
; Auto Shift Register Replacement                                            ; Auto               ; Auto               ;
; Allow Shift Register Merging across Hierarchies                            ; Auto               ; Auto               ;
; Auto Clock Enable Replacement                                              ; On                 ; On                 ;
; Strict RAM Replacement                                                     ; Off                ; Off                ;
; Allow Synchronous Control Signals                                          ; On                 ; On                 ;
; Force Use of Synchronous Clear Signals                                     ; Off                ; Off                ;
; Auto RAM to Logic Cell Conversion                                          ; Off                ; Off                ;
; Auto Resource Sharing                                                      ; Off                ; Off                ;
; Allow Any RAM Size For Recognition                                         ; Off                ; Off                ;
; Allow Any ROM Size For Recognition                                         ; Off                ; Off                ;
; Allow Any Shift Register Size For Recognition                              ; Off                ; Off                ;
; Use LogicLock Constraints during Resource Balancing                        ; On                 ; On                 ;
; Ignore translate_off and synthesis_off directives                          ; Off                ; Off                ;
; Timing-Driven Synthesis                                                    ; Off                ; Off                ;
; Report Parameter Settings                                                  ; On                 ; On                 ;
; Report Source Assignments                                                  ; On                 ; On                 ;
; Report Connectivity Checks                                                 ; On                 ; On                 ;
; Ignore Maximum Fan-Out Assignments                                         ; Off                ; Off                ;
; Synchronization Register Chain Length                                      ; 2                  ; 2                  ;
; PowerPlay Power Optimization                                               ; Normal compilation ; Normal compilation ;
; HDL message level                                                          ; Level2             ; Level2             ;
; Suppress Register Optimization Related Messages                            ; Off                ; Off                ;
; Number of Removed Registers Reported in Synthesis Report                   ; 5000               ; 5000               ;
; Number of Swept Nodes Reported in Synthesis Report                         ; 5000               ; 5000               ;
; Number of Inverted Registers Reported in Synthesis Report                  ; 100                ; 100                ;
; Clock MUX Protection                                                       ; On                 ; On                 ;
; Auto Gated Clock Conversion                                                ; Off                ; Off                ;
; Block Design Naming                                                        ; Auto               ; Auto               ;
; SDC constraint protection                                                  ; Off                ; Off                ;
; Synthesis Effort                                                           ; Auto               ; Auto               ;
; Shift Register Replacement - Allow Asynchronous Clear Signal               ; On                 ; On                 ;
; Pre-Mapping Resynthesis Optimization                                       ; Off                ; Off                ;
; Analysis & Synthesis Message Level                                         ; Medium             ; Medium             ;
; Disable Register Merging Across Hierarchies                                ; Auto               ; Auto               ;
; Resource Aware Inference For Block RAM                                     ; On                 ; On                 ;
; Synthesis Seed                                                             ; 1                  ; 1                  ;
+----------------------------------------------------------------------------+--------------------+--------------------+


Parallel compilation was disabled, but you have multiple processors available. Enable parallel compilation to reduce compilation time.
+-------------------------------------+
; Parallel Compilation                ;
+----------------------------+--------+
; Processors                 ; Number ;
+----------------------------+--------+
; Number detected on machine ; 8      ;
; Maximum allowed            ; 1      ;
+----------------------------+--------+


+---------------------------------------------------------------------------------------------------------------------------------------------------------------------------------------------------------------+
; Analysis & Synthesis Source Files Read                                                                                                                                                                        ;
+----------------------------------+-----------------+------------------------------+-----------------------------------------------------------------------------------------------------------------+---------+
; File Name with User-Entered Path ; Used in Netlist ; File Type                    ; File Name with Absolute Path                                                                                    ; Library ;
+----------------------------------+-----------------+------------------------------+-----------------------------------------------------------------------------------------------------------------+---------+
; and1bit.v                        ; yes             ; User Verilog HDL File        ; C:/Users/gioes/Documents/pratica4_giovanni_joaolopes/pratica4_giovanni_joaolopes/ULA/and1bit.v                  ;         ;
; and32bits.v                      ; yes             ; User Verilog HDL File        ; C:/Users/gioes/Documents/pratica4_giovanni_joaolopes/pratica4_giovanni_joaolopes/ULA/and32bits.v                ;         ;
; or1bit.v                         ; yes             ; User Verilog HDL File        ; C:/Users/gioes/Documents/pratica4_giovanni_joaolopes/pratica4_giovanni_joaolopes/ULA/or1bit.v                   ;         ;
; or32bits.v                       ; yes             ; User Verilog HDL File        ; C:/Users/gioes/Documents/pratica4_giovanni_joaolopes/pratica4_giovanni_joaolopes/ULA/or32bits.v                 ;         ;
; somador1bit.v                    ; yes             ; User Verilog HDL File        ; C:/Users/gioes/Documents/pratica4_giovanni_joaolopes/pratica4_giovanni_joaolopes/ULA/somador1bit.v              ;         ;
; somador32bits.v                  ; yes             ; User Verilog HDL File        ; C:/Users/gioes/Documents/pratica4_giovanni_joaolopes/pratica4_giovanni_joaolopes/ULA/somador32bits.v            ;         ;
; mux2por1.v                       ; yes             ; User Verilog HDL File        ; C:/Users/gioes/Documents/pratica4_giovanni_joaolopes/pratica4_giovanni_joaolopes/ULA/mux2por1.v                 ;         ;
; mux8por1_1bit.v                  ; yes             ; User Verilog HDL File        ; C:/Users/gioes/Documents/pratica4_giovanni_joaolopes/pratica4_giovanni_joaolopes/ULA/mux8por1_1bit.v            ;         ;
; mux8por1_32bits.v                ; yes             ; User Verilog HDL File        ; C:/Users/gioes/Documents/pratica4_giovanni_joaolopes/pratica4_giovanni_joaolopes/ULA/mux8por1_32bits.v          ;         ;
; ULA32bits.v                      ; yes             ; User Verilog HDL File        ; C:/Users/gioes/Documents/pratica4_giovanni_joaolopes/pratica4_giovanni_joaolopes/ULA/ULA32bits.v                ;         ;
; extensor_sinal.v                 ; yes             ; User Verilog HDL File        ; C:/Users/gioes/Documents/pratica4_giovanni_joaolopes/pratica4_giovanni_joaolopes/ULA/extensor_sinal.v           ;         ;
; hex_display.v                    ; yes             ; User Verilog HDL File        ; C:/Users/gioes/Documents/pratica4_giovanni_joaolopes/pratica4_giovanni_joaolopes/ULA/hex_display.v              ;         ;
; ULA_top.v                        ; yes             ; User Verilog HDL File        ; C:/Users/gioes/Documents/pratica4_giovanni_joaolopes/pratica4_giovanni_joaolopes/ULA/ULA_top.v                  ;         ;
; valor_absoluto.v                 ; yes             ; User Verilog HDL File        ; C:/Users/gioes/Documents/pratica4_giovanni_joaolopes/pratica4_giovanni_joaolopes/ULA/valor_absoluto.v           ;         ;
; display_sinal.v                  ; yes             ; User Verilog HDL File        ; C:/Users/gioes/Documents/pratica4_giovanni_joaolopes/pratica4_giovanni_joaolopes/ULA/display_sinal.v            ;         ;
; somador6bits.v                   ; yes             ; User Verilog HDL File        ; C:/Users/gioes/Documents/pratica4_giovanni_joaolopes/pratica4_giovanni_joaolopes/ULA/somador6bits.v             ;         ;
; lpm_divide.tdf                   ; yes             ; Megafunction                 ; c:/altera/13.0sp1/quartus/libraries/megafunctions/lpm_divide.tdf                                                ;         ;
; abs_divider.inc                  ; yes             ; Megafunction                 ; c:/altera/13.0sp1/quartus/libraries/megafunctions/abs_divider.inc                                               ;         ;
; sign_div_unsign.inc              ; yes             ; Megafunction                 ; c:/altera/13.0sp1/quartus/libraries/megafunctions/sign_div_unsign.inc                                           ;         ;
; aglobal130.inc                   ; yes             ; Megafunction                 ; c:/altera/13.0sp1/quartus/libraries/megafunctions/aglobal130.inc                                                ;         ;
; db/lpm_divide_25m.tdf            ; yes             ; Auto-Generated Megafunction  ; C:/Users/gioes/Documents/pratica4_giovanni_joaolopes/pratica4_giovanni_joaolopes/ULA/db/lpm_divide_25m.tdf      ;         ;
; db/sign_div_unsign_9kh.tdf       ; yes             ; Auto-Generated Megafunction  ; C:/Users/gioes/Documents/pratica4_giovanni_joaolopes/pratica4_giovanni_joaolopes/ULA/db/sign_div_unsign_9kh.tdf ;         ;
; db/alt_u_div_kve.tdf             ; yes             ; Auto-Generated Megafunction  ; C:/Users/gioes/Documents/pratica4_giovanni_joaolopes/pratica4_giovanni_joaolopes/ULA/db/alt_u_div_kve.tdf       ;         ;
; db/add_sub_lkc.tdf               ; yes             ; Auto-Generated Megafunction  ; C:/Users/gioes/Documents/pratica4_giovanni_joaolopes/pratica4_giovanni_joaolopes/ULA/db/add_sub_lkc.tdf         ;         ;
; db/add_sub_mkc.tdf               ; yes             ; Auto-Generated Megafunction  ; C:/Users/gioes/Documents/pratica4_giovanni_joaolopes/pratica4_giovanni_joaolopes/ULA/db/add_sub_mkc.tdf         ;         ;
; db/lpm_divide_vcm.tdf            ; yes             ; Auto-Generated Megafunction  ; C:/Users/gioes/Documents/pratica4_giovanni_joaolopes/pratica4_giovanni_joaolopes/ULA/db/lpm_divide_vcm.tdf      ;         ;
; db/lpm_divide_05m.tdf            ; yes             ; Auto-Generated Megafunction  ; C:/Users/gioes/Documents/pratica4_giovanni_joaolopes/pratica4_giovanni_joaolopes/ULA/db/lpm_divide_05m.tdf      ;         ;
; db/sign_div_unsign_7kh.tdf       ; yes             ; Auto-Generated Megafunction  ; C:/Users/gioes/Documents/pratica4_giovanni_joaolopes/pratica4_giovanni_joaolopes/ULA/db/sign_div_unsign_7kh.tdf ;         ;
; db/alt_u_div_gve.tdf             ; yes             ; Auto-Generated Megafunction  ; C:/Users/gioes/Documents/pratica4_giovanni_joaolopes/pratica4_giovanni_joaolopes/ULA/db/alt_u_div_gve.tdf       ;         ;
+----------------------------------+-----------------+------------------------------+-----------------------------------------------------------------------------------------------------------------+---------+


+-----------------------------------------------------------------------------------------------------------------------------+
; Analysis & Synthesis Resource Usage Summary                                                                                 ;
+---------------------------------------------+-------------------------------------------------------------------------------+
; Resource                                    ; Usage                                                                         ;
+---------------------------------------------+-------------------------------------------------------------------------------+
; Estimated Total logic elements              ; 111                                                                           ;
;                                             ;                                                                               ;
; Total combinational functions               ; 111                                                                           ;
; Logic element usage by number of LUT inputs ;                                                                               ;
;     -- 4 input functions                    ; 49                                                                            ;
;     -- 3 input functions                    ; 25                                                                            ;
;     -- <=2 input functions                  ; 37                                                                            ;
;                                             ;                                                                               ;
; Logic elements by mode                      ;                                                                               ;
;     -- normal mode                          ; 89                                                                            ;
;     -- arithmetic mode                      ; 22                                                                            ;
;                                             ;                                                                               ;
; Total registers                             ; 0                                                                             ;
;     -- Dedicated logic registers            ; 0                                                                             ;
;     -- I/O registers                        ; 0                                                                             ;
;                                             ;                                                                               ;
; I/O pins                                    ; 100                                                                           ;
; Embedded Multiplier 9-bit elements          ; 0                                                                             ;
; Maximum fan-out node                        ; ULA32bits:ula|mux8por1_32bits:op|mux8por1_1bit:ripple[0].op|mux2por1:mux7|s~4 ;
; Maximum fan-out                             ; 15                                                                            ;
; Total fan-out                               ; 368                                                                           ;
; Average fan-out                             ; 1.74                                                                          ;
+---------------------------------------------+-------------------------------------------------------------------------------+


+--------------------------------------------------------------------------------------------------------------------------------------------------------------------------------------------------------------------------------------------------------------------------------+
; Analysis & Synthesis Resource Utilization by Entity                                                                                                                                                                                                                            ;
+------------------------------------------+-------------------+--------------+-------------+--------------+---------+-----------+------+--------------+----------------------------------------------------------------------------------------------------------+--------------+
; Compilation Hierarchy Node               ; LC Combinationals ; LC Registers ; Memory Bits ; DSP Elements ; DSP 9x9 ; DSP 18x18 ; Pins ; Virtual Pins ; Full Hierarchy Name                                                                                      ; Library Name ;
+------------------------------------------+-------------------+--------------+-------------+--------------+---------+-----------+------+--------------+----------------------------------------------------------------------------------------------------------+--------------+
; |ULA_top                                 ; 111 (0)           ; 0 (0)        ; 0           ; 0            ; 0       ; 0         ; 100  ; 0            ; |ULA_top                                                                                                 ; work         ;
;    |ULA32bits:ula|                       ; 24 (2)            ; 0 (0)        ; 0           ; 0            ; 0       ; 0         ; 0    ; 0            ; |ULA_top|ULA32bits:ula                                                                                   ; work         ;
;       |mux8por1_32bits:op|               ; 13 (0)            ; 0 (0)        ; 0           ; 0            ; 0       ; 0         ; 0    ; 0            ; |ULA_top|ULA32bits:ula|mux8por1_32bits:op                                                                ; work         ;
;          |mux8por1_1bit:ripple[0].op|    ; 5 (0)             ; 0 (0)        ; 0           ; 0            ; 0       ; 0         ; 0    ; 0            ; |ULA_top|ULA32bits:ula|mux8por1_32bits:op|mux8por1_1bit:ripple[0].op                                     ; work         ;
;             |mux2por1:mux7|              ; 5 (5)             ; 0 (0)        ; 0           ; 0            ; 0       ; 0         ; 0    ; 0            ; |ULA_top|ULA32bits:ula|mux8por1_32bits:op|mux8por1_1bit:ripple[0].op|mux2por1:mux7                       ; work         ;
;          |mux8por1_1bit:ripple[1].op|    ; 2 (0)             ; 0 (0)        ; 0           ; 0            ; 0       ; 0         ; 0    ; 0            ; |ULA_top|ULA32bits:ula|mux8por1_32bits:op|mux8por1_1bit:ripple[1].op                                     ; work         ;
;             |mux2por1:mux7|              ; 2 (2)             ; 0 (0)        ; 0           ; 0            ; 0       ; 0         ; 0    ; 0            ; |ULA_top|ULA32bits:ula|mux8por1_32bits:op|mux8por1_1bit:ripple[1].op|mux2por1:mux7                       ; work         ;
;          |mux8por1_1bit:ripple[2].op|    ; 2 (0)             ; 0 (0)        ; 0           ; 0            ; 0       ; 0         ; 0    ; 0            ; |ULA_top|ULA32bits:ula|mux8por1_32bits:op|mux8por1_1bit:ripple[2].op                                     ; work         ;
;             |mux2por1:mux7|              ; 2 (2)             ; 0 (0)        ; 0           ; 0            ; 0       ; 0         ; 0    ; 0            ; |ULA_top|ULA32bits:ula|mux8por1_32bits:op|mux8por1_1bit:ripple[2].op|mux2por1:mux7                       ; work         ;
;          |mux8por1_1bit:ripple[3].op|    ; 2 (0)             ; 0 (0)        ; 0           ; 0            ; 0       ; 0         ; 0    ; 0            ; |ULA_top|ULA32bits:ula|mux8por1_32bits:op|mux8por1_1bit:ripple[3].op                                     ; work         ;
;             |mux2por1:mux7|              ; 2 (2)             ; 0 (0)        ; 0           ; 0            ; 0       ; 0         ; 0    ; 0            ; |ULA_top|ULA32bits:ula|mux8por1_32bits:op|mux8por1_1bit:ripple[3].op|mux2por1:mux7                       ; work         ;
;          |mux8por1_1bit:ripple[5].op|    ; 2 (0)             ; 0 (0)        ; 0           ; 0            ; 0       ; 0         ; 0    ; 0            ; |ULA_top|ULA32bits:ula|mux8por1_32bits:op|mux8por1_1bit:ripple[5].op                                     ; work         ;
;             |mux2por1:mux5|              ; 2 (2)             ; 0 (0)        ; 0           ; 0            ; 0       ; 0         ; 0    ; 0            ; |ULA_top|ULA32bits:ula|mux8por1_32bits:op|mux8por1_1bit:ripple[5].op|mux2por1:mux5                       ; work         ;
;       |somador32bits:op_soma|            ; 9 (1)             ; 0 (0)        ; 0           ; 0            ; 0       ; 0         ; 0    ; 0            ; |ULA_top|ULA32bits:ula|somador32bits:op_soma                                                             ; work         ;
;          |somador1bit:ripple[0].op_soma| ; 2 (2)             ; 0 (0)        ; 0           ; 0            ; 0       ; 0         ; 0    ; 0            ; |ULA_top|ULA32bits:ula|somador32bits:op_soma|somador1bit:ripple[0].op_soma                               ; work         ;
;          |somador1bit:ripple[1].op_soma| ; 2 (2)             ; 0 (0)        ; 0           ; 0            ; 0       ; 0         ; 0    ; 0            ; |ULA_top|ULA32bits:ula|somador32bits:op_soma|somador1bit:ripple[1].op_soma                               ; work         ;
;          |somador1bit:ripple[2].op_soma| ; 2 (2)             ; 0 (0)        ; 0           ; 0            ; 0       ; 0         ; 0    ; 0            ; |ULA_top|ULA32bits:ula|somador32bits:op_soma|somador1bit:ripple[2].op_soma                               ; work         ;
;          |somador1bit:ripple[3].op_soma| ; 2 (2)             ; 0 (0)        ; 0           ; 0            ; 0       ; 0         ; 0    ; 0            ; |ULA_top|ULA32bits:ula|somador32bits:op_soma|somador1bit:ripple[3].op_soma                               ; work         ;
;    |hex_display:a_dez|                   ; 2 (2)             ; 0 (0)        ; 0           ; 0            ; 0       ; 0         ; 0    ; 0            ; |ULA_top|hex_display:a_dez                                                                               ; work         ;
;    |hex_display:a_uni|                   ; 7 (7)             ; 0 (0)        ; 0           ; 0            ; 0       ; 0         ; 0    ; 0            ; |ULA_top|hex_display:a_uni                                                                               ; work         ;
;    |hex_display:b_dez|                   ; 2 (2)             ; 0 (0)        ; 0           ; 0            ; 0       ; 0         ; 0    ; 0            ; |ULA_top|hex_display:b_dez                                                                               ; work         ;
;    |hex_display:b_uni|                   ; 7 (7)             ; 0 (0)        ; 0           ; 0            ; 0       ; 0         ; 0    ; 0            ; |ULA_top|hex_display:b_uni                                                                               ; work         ;
;    |hex_display:s_dez|                   ; 3 (3)             ; 0 (0)        ; 0           ; 0            ; 0       ; 0         ; 0    ; 0            ; |ULA_top|hex_display:s_dez                                                                               ; work         ;
;    |hex_display:s_uni|                   ; 7 (7)             ; 0 (0)        ; 0           ; 0            ; 0       ; 0         ; 0    ; 0            ; |ULA_top|hex_display:s_uni                                                                               ; work         ;
;    |lpm_divide:Div0|                     ; 18 (0)            ; 0 (0)        ; 0           ; 0            ; 0       ; 0         ; 0    ; 0            ; |ULA_top|lpm_divide:Div0                                                                                 ; work         ;
;       |lpm_divide_vcm:auto_generated|    ; 18 (0)            ; 0 (0)        ; 0           ; 0            ; 0       ; 0         ; 0    ; 0            ; |ULA_top|lpm_divide:Div0|lpm_divide_vcm:auto_generated                                                   ; work         ;
;          |sign_div_unsign_9kh:divider|   ; 18 (0)            ; 0 (0)        ; 0           ; 0            ; 0       ; 0         ; 0    ; 0            ; |ULA_top|lpm_divide:Div0|lpm_divide_vcm:auto_generated|sign_div_unsign_9kh:divider                       ; work         ;
;             |alt_u_div_kve:divider|      ; 18 (18)           ; 0 (0)        ; 0           ; 0            ; 0       ; 0         ; 0    ; 0            ; |ULA_top|lpm_divide:Div0|lpm_divide_vcm:auto_generated|sign_div_unsign_9kh:divider|alt_u_div_kve:divider ; work         ;
;    |lpm_divide:Mod0|                     ; 21 (0)            ; 0 (0)        ; 0           ; 0            ; 0       ; 0         ; 0    ; 0            ; |ULA_top|lpm_divide:Mod0                                                                                 ; work         ;
;       |lpm_divide_25m:auto_generated|    ; 21 (0)            ; 0 (0)        ; 0           ; 0            ; 0       ; 0         ; 0    ; 0            ; |ULA_top|lpm_divide:Mod0|lpm_divide_25m:auto_generated                                                   ; work         ;
;          |sign_div_unsign_9kh:divider|   ; 21 (0)            ; 0 (0)        ; 0           ; 0            ; 0       ; 0         ; 0    ; 0            ; |ULA_top|lpm_divide:Mod0|lpm_divide_25m:auto_generated|sign_div_unsign_9kh:divider                       ; work         ;
;             |alt_u_div_kve:divider|      ; 21 (21)           ; 0 (0)        ; 0           ; 0            ; 0       ; 0         ; 0    ; 0            ; |ULA_top|lpm_divide:Mod0|lpm_divide_25m:auto_generated|sign_div_unsign_9kh:divider|alt_u_div_kve:divider ; work         ;
;    |lpm_divide:Mod1|                     ; 7 (0)             ; 0 (0)        ; 0           ; 0            ; 0       ; 0         ; 0    ; 0            ; |ULA_top|lpm_divide:Mod1                                                                                 ; work         ;
;       |lpm_divide_05m:auto_generated|    ; 7 (0)             ; 0 (0)        ; 0           ; 0            ; 0       ; 0         ; 0    ; 0            ; |ULA_top|lpm_divide:Mod1|lpm_divide_05m:auto_generated                                                   ; work         ;
;          |sign_div_unsign_7kh:divider|   ; 7 (0)             ; 0 (0)        ; 0           ; 0            ; 0       ; 0         ; 0    ; 0            ; |ULA_top|lpm_divide:Mod1|lpm_divide_05m:auto_generated|sign_div_unsign_7kh:divider                       ; work         ;
;             |alt_u_div_gve:divider|      ; 7 (7)             ; 0 (0)        ; 0           ; 0            ; 0       ; 0         ; 0    ; 0            ; |ULA_top|lpm_divide:Mod1|lpm_divide_05m:auto_generated|sign_div_unsign_7kh:divider|alt_u_div_gve:divider ; work         ;
;    |lpm_divide:Mod2|                     ; 7 (0)             ; 0 (0)        ; 0           ; 0            ; 0       ; 0         ; 0    ; 0            ; |ULA_top|lpm_divide:Mod2                                                                                 ; work         ;
;       |lpm_divide_05m:auto_generated|    ; 7 (0)             ; 0 (0)        ; 0           ; 0            ; 0       ; 0         ; 0    ; 0            ; |ULA_top|lpm_divide:Mod2|lpm_divide_05m:auto_generated                                                   ; work         ;
;          |sign_div_unsign_7kh:divider|   ; 7 (0)             ; 0 (0)        ; 0           ; 0            ; 0       ; 0         ; 0    ; 0            ; |ULA_top|lpm_divide:Mod2|lpm_divide_05m:auto_generated|sign_div_unsign_7kh:divider                       ; work         ;
;             |alt_u_div_gve:divider|      ; 7 (7)             ; 0 (0)        ; 0           ; 0            ; 0       ; 0         ; 0    ; 0            ; |ULA_top|lpm_divide:Mod2|lpm_divide_05m:auto_generated|sign_div_unsign_7kh:divider|alt_u_div_gve:divider ; work         ;
;    |valor_absoluto:res_abs|              ; 6 (0)             ; 0 (0)        ; 0           ; 0            ; 0       ; 0         ; 0    ; 0            ; |ULA_top|valor_absoluto:res_abs                                                                          ; work         ;
;       |somador6bits:abs|                 ; 6 (1)             ; 0 (0)        ; 0           ; 0            ; 0       ; 0         ; 0    ; 0            ; |ULA_top|valor_absoluto:res_abs|somador6bits:abs                                                         ; work         ;
;          |somador1bit:ripple[1].inverte| ; 1 (1)             ; 0 (0)        ; 0           ; 0            ; 0       ; 0         ; 0    ; 0            ; |ULA_top|valor_absoluto:res_abs|somador6bits:abs|somador1bit:ripple[1].inverte                           ; work         ;
;          |somador1bit:ripple[2].inverte| ; 2 (2)             ; 0 (0)        ; 0           ; 0            ; 0       ; 0         ; 0    ; 0            ; |ULA_top|valor_absoluto:res_abs|somador6bits:abs|somador1bit:ripple[2].inverte                           ; work         ;
;          |somador1bit:ripple[3].inverte| ; 1 (1)             ; 0 (0)        ; 0           ; 0            ; 0       ; 0         ; 0    ; 0            ; |ULA_top|valor_absoluto:res_abs|somador6bits:abs|somador1bit:ripple[3].inverte                           ; work         ;
;          |somador1bit:ripple[4].inverte| ; 1 (1)             ; 0 (0)        ; 0           ; 0            ; 0       ; 0         ; 0    ; 0            ; |ULA_top|valor_absoluto:res_abs|somador6bits:abs|somador1bit:ripple[4].inverte                           ; work         ;
+------------------------------------------+-------------------+--------------+-------------+--------------+---------+-----------+------+--------------+----------------------------------------------------------------------------------------------------------+--------------+
Note: For table entries with two numbers listed, the numbers in parentheses indicate the number of resources of the given type used by the specific entity alone. The numbers listed outside of parentheses indicate the total resources of the given type used by the specific entity and all of its sub-entities in the hierarchy.


+------------------------------------------------------+
; General Register Statistics                          ;
+----------------------------------------------+-------+
; Statistic                                    ; Value ;
+----------------------------------------------+-------+
; Total registers                              ; 0     ;
; Number of registers using Synchronous Clear  ; 0     ;
; Number of registers using Synchronous Load   ; 0     ;
; Number of registers using Asynchronous Clear ; 0     ;
; Number of registers using Asynchronous Load  ; 0     ;
; Number of registers using Clock Enable       ; 0     ;
; Number of registers using Preset             ; 0     ;
+----------------------------------------------+-------+


+----------------------------------------------------------------------------------------------------------------------------------------------------------------------------------------------------+
; Multiplexer Restructuring Statistics (Restructuring Performed)                                                                                                                                     ;
+--------------------+-----------+---------------+----------------------+------------------------+------------+--------------------------------------------------------------------------------------+
; Multiplexer Inputs ; Bus Width ; Baseline Area ; Area if Restructured ; Saving if Restructured ; Registered ; Example Multiplexer Output                                                           ;
+--------------------+-----------+---------------+----------------------+------------------------+------------+--------------------------------------------------------------------------------------+
; 3:1                ; 4 bits    ; 8 LEs         ; 8 LEs                ; 0 LEs                  ; No         ; |ULA_top|ULA32bits:ula|mux8por1_32bits:op|mux8por1_1bit:ripple[3].op|mux2por1:mux7|s ;
+--------------------+-----------+---------------+----------------------+------------------------+------------+--------------------------------------------------------------------------------------+


+------------------------------------------------------------------+
; Parameter Settings for Inferred Entity Instance: lpm_divide:Mod0 ;
+------------------------+----------------+------------------------+
; Parameter Name         ; Value          ; Type                   ;
+------------------------+----------------+------------------------+
; LPM_WIDTHN             ; 6              ; Untyped                ;
; LPM_WIDTHD             ; 4              ; Untyped                ;
; LPM_NREPRESENTATION    ; UNSIGNED       ; Untyped                ;
; LPM_DREPRESENTATION    ; UNSIGNED       ; Untyped                ;
; LPM_PIPELINE           ; 0              ; Untyped                ;
; LPM_REMAINDERPOSITIVE  ; TRUE           ; Untyped                ;
; MAXIMIZE_SPEED         ; 5              ; Untyped                ;
; CBXI_PARAMETER         ; lpm_divide_25m ; Untyped                ;
; CARRY_CHAIN            ; MANUAL         ; Untyped                ;
; OPTIMIZE_FOR_SPEED     ; 5              ; Untyped                ;
; AUTO_CARRY_CHAINS      ; ON             ; AUTO_CARRY             ;
; IGNORE_CARRY_BUFFERS   ; OFF            ; IGNORE_CARRY           ;
; AUTO_CASCADE_CHAINS    ; ON             ; AUTO_CASCADE           ;
; IGNORE_CASCADE_BUFFERS ; OFF            ; IGNORE_CASCADE         ;
+------------------------+----------------+------------------------+
Note: In order to hide this table in the UI and the text report file, please set the "Show Parameter Settings in Synthesis Report" option in "Analysis and Synthesis Settings -> More Settings" to "Off".


+------------------------------------------------------------------+
; Parameter Settings for Inferred Entity Instance: lpm_divide:Div0 ;
+------------------------+----------------+------------------------+
; Parameter Name         ; Value          ; Type                   ;
+------------------------+----------------+------------------------+
; LPM_WIDTHN             ; 6              ; Untyped                ;
; LPM_WIDTHD             ; 4              ; Untyped                ;
; LPM_NREPRESENTATION    ; UNSIGNED       ; Untyped                ;
; LPM_DREPRESENTATION    ; UNSIGNED       ; Untyped                ;
; LPM_PIPELINE           ; 0              ; Untyped                ;
; LPM_REMAINDERPOSITIVE  ; TRUE           ; Untyped                ;
; MAXIMIZE_SPEED         ; 5              ; Untyped                ;
; CBXI_PARAMETER         ; lpm_divide_vcm ; Untyped                ;
; CARRY_CHAIN            ; MANUAL         ; Untyped                ;
; OPTIMIZE_FOR_SPEED     ; 5              ; Untyped                ;
; AUTO_CARRY_CHAINS      ; ON             ; AUTO_CARRY             ;
; IGNORE_CARRY_BUFFERS   ; OFF            ; IGNORE_CARRY           ;
; AUTO_CASCADE_CHAINS    ; ON             ; AUTO_CASCADE           ;
; IGNORE_CASCADE_BUFFERS ; OFF            ; IGNORE_CASCADE         ;
+------------------------+----------------+------------------------+
Note: In order to hide this table in the UI and the text report file, please set the "Show Parameter Settings in Synthesis Report" option in "Analysis and Synthesis Settings -> More Settings" to "Off".


+------------------------------------------------------------------+
; Parameter Settings for Inferred Entity Instance: lpm_divide:Mod2 ;
+------------------------+----------------+------------------------+
; Parameter Name         ; Value          ; Type                   ;
+------------------------+----------------+------------------------+
; LPM_WIDTHN             ; 4              ; Untyped                ;
; LPM_WIDTHD             ; 4              ; Untyped                ;
; LPM_NREPRESENTATION    ; UNSIGNED       ; Untyped                ;
; LPM_DREPRESENTATION    ; UNSIGNED       ; Untyped                ;
; LPM_PIPELINE           ; 0              ; Untyped                ;
; LPM_REMAINDERPOSITIVE  ; TRUE           ; Untyped                ;
; MAXIMIZE_SPEED         ; 5              ; Untyped                ;
; CBXI_PARAMETER         ; lpm_divide_05m ; Untyped                ;
; CARRY_CHAIN            ; MANUAL         ; Untyped                ;
; OPTIMIZE_FOR_SPEED     ; 5              ; Untyped                ;
; AUTO_CARRY_CHAINS      ; ON             ; AUTO_CARRY             ;
; IGNORE_CARRY_BUFFERS   ; OFF            ; IGNORE_CARRY           ;
; AUTO_CASCADE_CHAINS    ; ON             ; AUTO_CASCADE           ;
; IGNORE_CASCADE_BUFFERS ; OFF            ; IGNORE_CASCADE         ;
+------------------------+----------------+------------------------+
Note: In order to hide this table in the UI and the text report file, please set the "Show Parameter Settings in Synthesis Report" option in "Analysis and Synthesis Settings -> More Settings" to "Off".


+------------------------------------------------------------------+
; Parameter Settings for Inferred Entity Instance: lpm_divide:Mod1 ;
+------------------------+----------------+------------------------+
; Parameter Name         ; Value          ; Type                   ;
+------------------------+----------------+------------------------+
; LPM_WIDTHN             ; 4              ; Untyped                ;
; LPM_WIDTHD             ; 4              ; Untyped                ;
; LPM_NREPRESENTATION    ; UNSIGNED       ; Untyped                ;
; LPM_DREPRESENTATION    ; UNSIGNED       ; Untyped                ;
; LPM_PIPELINE           ; 0              ; Untyped                ;
; LPM_REMAINDERPOSITIVE  ; TRUE           ; Untyped                ;
; MAXIMIZE_SPEED         ; 5              ; Untyped                ;
; CBXI_PARAMETER         ; lpm_divide_05m ; Untyped                ;
; CARRY_CHAIN            ; MANUAL         ; Untyped                ;
; OPTIMIZE_FOR_SPEED     ; 5              ; Untyped                ;
; AUTO_CARRY_CHAINS      ; ON             ; AUTO_CARRY             ;
; IGNORE_CARRY_BUFFERS   ; OFF            ; IGNORE_CARRY           ;
; AUTO_CASCADE_CHAINS    ; ON             ; AUTO_CASCADE           ;
; IGNORE_CASCADE_BUFFERS ; OFF            ; IGNORE_CASCADE         ;
+------------------------+----------------+------------------------+
Note: In order to hide this table in the UI and the text report file, please set the "Show Parameter Settings in Synthesis Report" option in "Analysis and Synthesis Settings -> More Settings" to "Off".


+----------------------------------------------------------------------------------------------------------------+
; Port Connectivity Checks: "valor_absoluto:res_abs|somador6bits:abs|somador1bit:ripple[5].inverte"              ;
+------+--------+----------+-------------------------------------------------------------------------------------+
; Port ; Type   ; Severity ; Details                                                                             ;
+------+--------+----------+-------------------------------------------------------------------------------------+
; a    ; Input  ; Info     ; Stuck at GND                                                                        ;
; cout ; Output ; Info     ; Connected to dangling logic. Logic that only feeds a dangling port will be removed. ;
+------+--------+----------+-------------------------------------------------------------------------------------+


+---------------------------------------------------------------------------------------------------+
; Port Connectivity Checks: "valor_absoluto:res_abs|somador6bits:abs|somador1bit:ripple[4].inverte" ;
+------+-------+----------+-------------------------------------------------------------------------+
; Port ; Type  ; Severity ; Details                                                                 ;
+------+-------+----------+-------------------------------------------------------------------------+
; a    ; Input ; Info     ; Stuck at GND                                                            ;
+------+-------+----------+-------------------------------------------------------------------------+


+---------------------------------------------------------------------------------------------------+
; Port Connectivity Checks: "valor_absoluto:res_abs|somador6bits:abs|somador1bit:ripple[3].inverte" ;
+------+-------+----------+-------------------------------------------------------------------------+
; Port ; Type  ; Severity ; Details                                                                 ;
+------+-------+----------+-------------------------------------------------------------------------+
; a    ; Input ; Info     ; Stuck at GND                                                            ;
+------+-------+----------+-------------------------------------------------------------------------+


+---------------------------------------------------------------------------------------------------+
; Port Connectivity Checks: "valor_absoluto:res_abs|somador6bits:abs|somador1bit:ripple[2].inverte" ;
+------+-------+----------+-------------------------------------------------------------------------+
; Port ; Type  ; Severity ; Details                                                                 ;
+------+-------+----------+-------------------------------------------------------------------------+
; a    ; Input ; Info     ; Stuck at GND                                                            ;
+------+-------+----------+-------------------------------------------------------------------------+


+---------------------------------------------------------------------------------------------------+
; Port Connectivity Checks: "valor_absoluto:res_abs|somador6bits:abs|somador1bit:ripple[1].inverte" ;
+------+-------+----------+-------------------------------------------------------------------------+
; Port ; Type  ; Severity ; Details                                                                 ;
+------+-------+----------+-------------------------------------------------------------------------+
; a    ; Input ; Info     ; Stuck at GND                                                            ;
+------+-------+----------+-------------------------------------------------------------------------+


+---------------------------------------------------------------------------------------------------+
; Port Connectivity Checks: "valor_absoluto:res_abs|somador6bits:abs|somador1bit:ripple[0].inverte" ;
+------+-------+----------+-------------------------------------------------------------------------+
; Port ; Type  ; Severity ; Details                                                                 ;
+------+-------+----------+-------------------------------------------------------------------------+
; a    ; Input ; Info     ; Stuck at GND                                                            ;
+------+-------+----------+-------------------------------------------------------------------------+


+------------------------------------------------------------------------------------------+
; Port Connectivity Checks: "ULA32bits:ula|mux8por1_32bits:op|mux8por1_1bit:ripple[31].op" ;
+------+-------+----------+----------------------------------------------------------------+
; Port ; Type  ; Severity ; Details                                                        ;
+------+-------+----------+----------------------------------------------------------------+
; I3   ; Input ; Info     ; Stuck at GND                                                   ;
; I4   ; Input ; Info     ; Stuck at GND                                                   ;
; I5   ; Input ; Info     ; Stuck at GND                                                   ;
+------+-------+----------+----------------------------------------------------------------+


+------------------------------------------------------------------------------------------+
; Port Connectivity Checks: "ULA32bits:ula|mux8por1_32bits:op|mux8por1_1bit:ripple[30].op" ;
+------+-------+----------+----------------------------------------------------------------+
; Port ; Type  ; Severity ; Details                                                        ;
+------+-------+----------+----------------------------------------------------------------+
; I3   ; Input ; Info     ; Stuck at GND                                                   ;
; I4   ; Input ; Info     ; Stuck at GND                                                   ;
; I5   ; Input ; Info     ; Stuck at GND                                                   ;
+------+-------+----------+----------------------------------------------------------------+


+------------------------------------------------------------------------------------------+
; Port Connectivity Checks: "ULA32bits:ula|mux8por1_32bits:op|mux8por1_1bit:ripple[29].op" ;
+------+-------+----------+----------------------------------------------------------------+
; Port ; Type  ; Severity ; Details                                                        ;
+------+-------+----------+----------------------------------------------------------------+
; I3   ; Input ; Info     ; Stuck at GND                                                   ;
; I4   ; Input ; Info     ; Stuck at GND                                                   ;
; I5   ; Input ; Info     ; Stuck at GND                                                   ;
+------+-------+----------+----------------------------------------------------------------+


+------------------------------------------------------------------------------------------+
; Port Connectivity Checks: "ULA32bits:ula|mux8por1_32bits:op|mux8por1_1bit:ripple[28].op" ;
+------+-------+----------+----------------------------------------------------------------+
; Port ; Type  ; Severity ; Details                                                        ;
+------+-------+----------+----------------------------------------------------------------+
; I3   ; Input ; Info     ; Stuck at GND                                                   ;
; I4   ; Input ; Info     ; Stuck at GND                                                   ;
; I5   ; Input ; Info     ; Stuck at GND                                                   ;
+------+-------+----------+----------------------------------------------------------------+


+------------------------------------------------------------------------------------------+
; Port Connectivity Checks: "ULA32bits:ula|mux8por1_32bits:op|mux8por1_1bit:ripple[27].op" ;
+------+-------+----------+----------------------------------------------------------------+
; Port ; Type  ; Severity ; Details                                                        ;
+------+-------+----------+----------------------------------------------------------------+
; I3   ; Input ; Info     ; Stuck at GND                                                   ;
; I4   ; Input ; Info     ; Stuck at GND                                                   ;
; I5   ; Input ; Info     ; Stuck at GND                                                   ;
+------+-------+----------+----------------------------------------------------------------+


+------------------------------------------------------------------------------------------+
; Port Connectivity Checks: "ULA32bits:ula|mux8por1_32bits:op|mux8por1_1bit:ripple[26].op" ;
+------+-------+----------+----------------------------------------------------------------+
; Port ; Type  ; Severity ; Details                                                        ;
+------+-------+----------+----------------------------------------------------------------+
; I3   ; Input ; Info     ; Stuck at GND                                                   ;
; I4   ; Input ; Info     ; Stuck at GND                                                   ;
; I5   ; Input ; Info     ; Stuck at GND                                                   ;
+------+-------+----------+----------------------------------------------------------------+


+------------------------------------------------------------------------------------------+
; Port Connectivity Checks: "ULA32bits:ula|mux8por1_32bits:op|mux8por1_1bit:ripple[25].op" ;
+------+-------+----------+----------------------------------------------------------------+
; Port ; Type  ; Severity ; Details                                                        ;
+------+-------+----------+----------------------------------------------------------------+
; I3   ; Input ; Info     ; Stuck at GND                                                   ;
; I4   ; Input ; Info     ; Stuck at GND                                                   ;
; I5   ; Input ; Info     ; Stuck at GND                                                   ;
+------+-------+----------+----------------------------------------------------------------+


+------------------------------------------------------------------------------------------+
; Port Connectivity Checks: "ULA32bits:ula|mux8por1_32bits:op|mux8por1_1bit:ripple[24].op" ;
+------+-------+----------+----------------------------------------------------------------+
; Port ; Type  ; Severity ; Details                                                        ;
+------+-------+----------+----------------------------------------------------------------+
; I3   ; Input ; Info     ; Stuck at GND                                                   ;
; I4   ; Input ; Info     ; Stuck at GND                                                   ;
; I5   ; Input ; Info     ; Stuck at GND                                                   ;
+------+-------+----------+----------------------------------------------------------------+


+------------------------------------------------------------------------------------------+
; Port Connectivity Checks: "ULA32bits:ula|mux8por1_32bits:op|mux8por1_1bit:ripple[23].op" ;
+------+-------+----------+----------------------------------------------------------------+
; Port ; Type  ; Severity ; Details                                                        ;
+------+-------+----------+----------------------------------------------------------------+
; I3   ; Input ; Info     ; Stuck at GND                                                   ;
; I4   ; Input ; Info     ; Stuck at GND                                                   ;
; I5   ; Input ; Info     ; Stuck at GND                                                   ;
+------+-------+----------+----------------------------------------------------------------+


+------------------------------------------------------------------------------------------+
; Port Connectivity Checks: "ULA32bits:ula|mux8por1_32bits:op|mux8por1_1bit:ripple[22].op" ;
+------+-------+----------+----------------------------------------------------------------+
; Port ; Type  ; Severity ; Details                                                        ;
+------+-------+----------+----------------------------------------------------------------+
; I3   ; Input ; Info     ; Stuck at GND                                                   ;
; I4   ; Input ; Info     ; Stuck at GND                                                   ;
; I5   ; Input ; Info     ; Stuck at GND                                                   ;
+------+-------+----------+----------------------------------------------------------------+


+------------------------------------------------------------------------------------------+
; Port Connectivity Checks: "ULA32bits:ula|mux8por1_32bits:op|mux8por1_1bit:ripple[21].op" ;
+------+-------+----------+----------------------------------------------------------------+
; Port ; Type  ; Severity ; Details                                                        ;
+------+-------+----------+----------------------------------------------------------------+
; I3   ; Input ; Info     ; Stuck at GND                                                   ;
; I4   ; Input ; Info     ; Stuck at GND                                                   ;
; I5   ; Input ; Info     ; Stuck at GND                                                   ;
+------+-------+----------+----------------------------------------------------------------+


+------------------------------------------------------------------------------------------+
; Port Connectivity Checks: "ULA32bits:ula|mux8por1_32bits:op|mux8por1_1bit:ripple[20].op" ;
+------+-------+----------+----------------------------------------------------------------+
; Port ; Type  ; Severity ; Details                                                        ;
+------+-------+----------+----------------------------------------------------------------+
; I3   ; Input ; Info     ; Stuck at GND                                                   ;
; I4   ; Input ; Info     ; Stuck at GND                                                   ;
; I5   ; Input ; Info     ; Stuck at GND                                                   ;
+------+-------+----------+----------------------------------------------------------------+


+------------------------------------------------------------------------------------------+
; Port Connectivity Checks: "ULA32bits:ula|mux8por1_32bits:op|mux8por1_1bit:ripple[19].op" ;
+------+-------+----------+----------------------------------------------------------------+
; Port ; Type  ; Severity ; Details                                                        ;
+------+-------+----------+----------------------------------------------------------------+
; I3   ; Input ; Info     ; Stuck at GND                                                   ;
; I4   ; Input ; Info     ; Stuck at GND                                                   ;
; I5   ; Input ; Info     ; Stuck at GND                                                   ;
+------+-------+----------+----------------------------------------------------------------+


+------------------------------------------------------------------------------------------+
; Port Connectivity Checks: "ULA32bits:ula|mux8por1_32bits:op|mux8por1_1bit:ripple[18].op" ;
+------+-------+----------+----------------------------------------------------------------+
; Port ; Type  ; Severity ; Details                                                        ;
+------+-------+----------+----------------------------------------------------------------+
; I3   ; Input ; Info     ; Stuck at GND                                                   ;
; I4   ; Input ; Info     ; Stuck at GND                                                   ;
; I5   ; Input ; Info     ; Stuck at GND                                                   ;
+------+-------+----------+----------------------------------------------------------------+


+------------------------------------------------------------------------------------------+
; Port Connectivity Checks: "ULA32bits:ula|mux8por1_32bits:op|mux8por1_1bit:ripple[17].op" ;
+------+-------+----------+----------------------------------------------------------------+
; Port ; Type  ; Severity ; Details                                                        ;
+------+-------+----------+----------------------------------------------------------------+
; I3   ; Input ; Info     ; Stuck at GND                                                   ;
; I4   ; Input ; Info     ; Stuck at GND                                                   ;
; I5   ; Input ; Info     ; Stuck at GND                                                   ;
+------+-------+----------+----------------------------------------------------------------+


+------------------------------------------------------------------------------------------+
; Port Connectivity Checks: "ULA32bits:ula|mux8por1_32bits:op|mux8por1_1bit:ripple[16].op" ;
+------+-------+----------+----------------------------------------------------------------+
; Port ; Type  ; Severity ; Details                                                        ;
+------+-------+----------+----------------------------------------------------------------+
; I3   ; Input ; Info     ; Stuck at GND                                                   ;
; I4   ; Input ; Info     ; Stuck at GND                                                   ;
; I5   ; Input ; Info     ; Stuck at GND                                                   ;
+------+-------+----------+----------------------------------------------------------------+


+------------------------------------------------------------------------------------------+
; Port Connectivity Checks: "ULA32bits:ula|mux8por1_32bits:op|mux8por1_1bit:ripple[15].op" ;
+------+-------+----------+----------------------------------------------------------------+
; Port ; Type  ; Severity ; Details                                                        ;
+------+-------+----------+----------------------------------------------------------------+
; I3   ; Input ; Info     ; Stuck at GND                                                   ;
; I4   ; Input ; Info     ; Stuck at GND                                                   ;
; I5   ; Input ; Info     ; Stuck at GND                                                   ;
+------+-------+----------+----------------------------------------------------------------+


+------------------------------------------------------------------------------------------+
; Port Connectivity Checks: "ULA32bits:ula|mux8por1_32bits:op|mux8por1_1bit:ripple[14].op" ;
+------+-------+----------+----------------------------------------------------------------+
; Port ; Type  ; Severity ; Details                                                        ;
+------+-------+----------+----------------------------------------------------------------+
; I3   ; Input ; Info     ; Stuck at GND                                                   ;
; I4   ; Input ; Info     ; Stuck at GND                                                   ;
; I5   ; Input ; Info     ; Stuck at GND                                                   ;
+------+-------+----------+----------------------------------------------------------------+


+------------------------------------------------------------------------------------------+
; Port Connectivity Checks: "ULA32bits:ula|mux8por1_32bits:op|mux8por1_1bit:ripple[13].op" ;
+------+-------+----------+----------------------------------------------------------------+
; Port ; Type  ; Severity ; Details                                                        ;
+------+-------+----------+----------------------------------------------------------------+
; I3   ; Input ; Info     ; Stuck at GND                                                   ;
; I4   ; Input ; Info     ; Stuck at GND                                                   ;
; I5   ; Input ; Info     ; Stuck at GND                                                   ;
+------+-------+----------+----------------------------------------------------------------+


+------------------------------------------------------------------------------------------+
; Port Connectivity Checks: "ULA32bits:ula|mux8por1_32bits:op|mux8por1_1bit:ripple[12].op" ;
+------+-------+----------+----------------------------------------------------------------+
; Port ; Type  ; Severity ; Details                                                        ;
+------+-------+----------+----------------------------------------------------------------+
; I3   ; Input ; Info     ; Stuck at GND                                                   ;
; I4   ; Input ; Info     ; Stuck at GND                                                   ;
; I5   ; Input ; Info     ; Stuck at GND                                                   ;
+------+-------+----------+----------------------------------------------------------------+


+------------------------------------------------------------------------------------------+
; Port Connectivity Checks: "ULA32bits:ula|mux8por1_32bits:op|mux8por1_1bit:ripple[11].op" ;
+------+-------+----------+----------------------------------------------------------------+
; Port ; Type  ; Severity ; Details                                                        ;
+------+-------+----------+----------------------------------------------------------------+
; I3   ; Input ; Info     ; Stuck at GND                                                   ;
; I4   ; Input ; Info     ; Stuck at GND                                                   ;
; I5   ; Input ; Info     ; Stuck at GND                                                   ;
+------+-------+----------+----------------------------------------------------------------+


+------------------------------------------------------------------------------------------+
; Port Connectivity Checks: "ULA32bits:ula|mux8por1_32bits:op|mux8por1_1bit:ripple[10].op" ;
+------+-------+----------+----------------------------------------------------------------+
; Port ; Type  ; Severity ; Details                                                        ;
+------+-------+----------+----------------------------------------------------------------+
; I3   ; Input ; Info     ; Stuck at GND                                                   ;
; I4   ; Input ; Info     ; Stuck at GND                                                   ;
; I5   ; Input ; Info     ; Stuck at GND                                                   ;
+------+-------+----------+----------------------------------------------------------------+


+-----------------------------------------------------------------------------------------+
; Port Connectivity Checks: "ULA32bits:ula|mux8por1_32bits:op|mux8por1_1bit:ripple[9].op" ;
+------+-------+----------+---------------------------------------------------------------+
; Port ; Type  ; Severity ; Details                                                       ;
+------+-------+----------+---------------------------------------------------------------+
; I3   ; Input ; Info     ; Stuck at GND                                                  ;
; I4   ; Input ; Info     ; Stuck at GND                                                  ;
; I5   ; Input ; Info     ; Stuck at GND                                                  ;
+------+-------+----------+---------------------------------------------------------------+


+-----------------------------------------------------------------------------------------+
; Port Connectivity Checks: "ULA32bits:ula|mux8por1_32bits:op|mux8por1_1bit:ripple[8].op" ;
+------+-------+----------+---------------------------------------------------------------+
; Port ; Type  ; Severity ; Details                                                       ;
+------+-------+----------+---------------------------------------------------------------+
; I3   ; Input ; Info     ; Stuck at GND                                                  ;
; I4   ; Input ; Info     ; Stuck at GND                                                  ;
; I5   ; Input ; Info     ; Stuck at GND                                                  ;
+------+-------+----------+---------------------------------------------------------------+


+-----------------------------------------------------------------------------------------+
; Port Connectivity Checks: "ULA32bits:ula|mux8por1_32bits:op|mux8por1_1bit:ripple[7].op" ;
+------+-------+----------+---------------------------------------------------------------+
; Port ; Type  ; Severity ; Details                                                       ;
+------+-------+----------+---------------------------------------------------------------+
; I3   ; Input ; Info     ; Stuck at GND                                                  ;
; I4   ; Input ; Info     ; Stuck at GND                                                  ;
; I5   ; Input ; Info     ; Stuck at GND                                                  ;
+------+-------+----------+---------------------------------------------------------------+


+-----------------------------------------------------------------------------------------+
; Port Connectivity Checks: "ULA32bits:ula|mux8por1_32bits:op|mux8por1_1bit:ripple[6].op" ;
+------+-------+----------+---------------------------------------------------------------+
; Port ; Type  ; Severity ; Details                                                       ;
+------+-------+----------+---------------------------------------------------------------+
; I3   ; Input ; Info     ; Stuck at GND                                                  ;
; I4   ; Input ; Info     ; Stuck at GND                                                  ;
; I5   ; Input ; Info     ; Stuck at GND                                                  ;
+------+-------+----------+---------------------------------------------------------------+


+-----------------------------------------------------------------------------------------+
; Port Connectivity Checks: "ULA32bits:ula|mux8por1_32bits:op|mux8por1_1bit:ripple[5].op" ;
+------+-------+----------+---------------------------------------------------------------+
; Port ; Type  ; Severity ; Details                                                       ;
+------+-------+----------+---------------------------------------------------------------+
; I3   ; Input ; Info     ; Stuck at GND                                                  ;
; I4   ; Input ; Info     ; Stuck at GND                                                  ;
; I5   ; Input ; Info     ; Stuck at GND                                                  ;
+------+-------+----------+---------------------------------------------------------------+


+-----------------------------------------------------------------------------------------+
; Port Connectivity Checks: "ULA32bits:ula|mux8por1_32bits:op|mux8por1_1bit:ripple[4].op" ;
+------+-------+----------+---------------------------------------------------------------+
; Port ; Type  ; Severity ; Details                                                       ;
+------+-------+----------+---------------------------------------------------------------+
; I3   ; Input ; Info     ; Stuck at GND                                                  ;
; I4   ; Input ; Info     ; Stuck at GND                                                  ;
; I5   ; Input ; Info     ; Stuck at GND                                                  ;
+------+-------+----------+---------------------------------------------------------------+


+-----------------------------------------------------------------------------------------+
; Port Connectivity Checks: "ULA32bits:ula|mux8por1_32bits:op|mux8por1_1bit:ripple[3].op" ;
+------+-------+----------+---------------------------------------------------------------+
; Port ; Type  ; Severity ; Details                                                       ;
+------+-------+----------+---------------------------------------------------------------+
; I3   ; Input ; Info     ; Stuck at GND                                                  ;
; I4   ; Input ; Info     ; Stuck at GND                                                  ;
; I5   ; Input ; Info     ; Stuck at GND                                                  ;
+------+-------+----------+---------------------------------------------------------------+


+-----------------------------------------------------------------------------------------+
; Port Connectivity Checks: "ULA32bits:ula|mux8por1_32bits:op|mux8por1_1bit:ripple[2].op" ;
+------+-------+----------+---------------------------------------------------------------+
; Port ; Type  ; Severity ; Details                                                       ;
+------+-------+----------+---------------------------------------------------------------+
; I3   ; Input ; Info     ; Stuck at GND                                                  ;
; I4   ; Input ; Info     ; Stuck at GND                                                  ;
; I5   ; Input ; Info     ; Stuck at GND                                                  ;
+------+-------+----------+---------------------------------------------------------------+


+-----------------------------------------------------------------------------------------+
; Port Connectivity Checks: "ULA32bits:ula|mux8por1_32bits:op|mux8por1_1bit:ripple[1].op" ;
+------+-------+----------+---------------------------------------------------------------+
; Port ; Type  ; Severity ; Details                                                       ;
+------+-------+----------+---------------------------------------------------------------+
; I3   ; Input ; Info     ; Stuck at GND                                                  ;
; I4   ; Input ; Info     ; Stuck at GND                                                  ;
; I5   ; Input ; Info     ; Stuck at GND                                                  ;
+------+-------+----------+---------------------------------------------------------------+


+-----------------------------------------------------------------------------------------+
; Port Connectivity Checks: "ULA32bits:ula|mux8por1_32bits:op|mux8por1_1bit:ripple[0].op" ;
+------+-------+----------+---------------------------------------------------------------+
; Port ; Type  ; Severity ; Details                                                       ;
+------+-------+----------+---------------------------------------------------------------+
; I3   ; Input ; Info     ; Stuck at GND                                                  ;
; I4   ; Input ; Info     ; Stuck at GND                                                  ;
; I5   ; Input ; Info     ; Stuck at GND                                                  ;
+------+-------+----------+---------------------------------------------------------------+


+--------------------------------------------------------------+
; Port Connectivity Checks: "ULA32bits:ula|mux8por1_32bits:op" ;
+----------------+-------+----------+--------------------------+
; Port           ; Type  ; Severity ; Details                  ;
+----------------+-------+----------+--------------------------+
; res_slt[31..1] ; Input ; Info     ; Stuck at GND             ;
+----------------+-------+----------+--------------------------+


+----------------------------------------------------------------------------------------------------------------+
; Port Connectivity Checks: "ULA32bits:ula|somador32bits:op_soma"                                                ;
+------+--------+----------+-------------------------------------------------------------------------------------+
; Port ; Type   ; Severity ; Details                                                                             ;
+------+--------+----------+-------------------------------------------------------------------------------------+
; cout ; Output ; Info     ; Connected to dangling logic. Logic that only feeds a dangling port will be removed. ;
+------+--------+----------+-------------------------------------------------------------------------------------+


+--------------------------------------------------------------------------------------------------------------------+
; Port Connectivity Checks: "ULA32bits:ula"                                                                          ;
+----------+--------+----------+-------------------------------------------------------------------------------------+
; Port     ; Type   ; Severity ; Details                                                                             ;
+----------+--------+----------+-------------------------------------------------------------------------------------+
; s[31..6] ; Output ; Info     ; Connected to dangling logic. Logic that only feeds a dangling port will be removed. ;
+----------+--------+----------+-------------------------------------------------------------------------------------+


+--------------------------------------------------------+
; Port Connectivity Checks: "extensor_sinal:b_estendido" ;
+----------+-------+----------+--------------------------+
; Port     ; Type  ; Severity ; Details                  ;
+----------+-------+----------+--------------------------+
; a[15..4] ; Input ; Info     ; Stuck at GND             ;
+----------+-------+----------+--------------------------+


+--------------------------------------------------------+
; Port Connectivity Checks: "extensor_sinal:a_estendido" ;
+----------+-------+----------+--------------------------+
; Port     ; Type  ; Severity ; Details                  ;
+----------+-------+----------+--------------------------+
; a[15..4] ; Input ; Info     ; Stuck at GND             ;
+----------+-------+----------+--------------------------+


+-------------------------------+
; Elapsed Time Per Partition    ;
+----------------+--------------+
; Partition Name ; Elapsed Time ;
+----------------+--------------+
; Top            ; 00:00:02     ;
+----------------+--------------+


+-------------------------------+
; Analysis & Synthesis Messages ;
+-------------------------------+
Info: *******************************************************************
Info: Running Quartus II 64-Bit Analysis & Synthesis
    Info: Version 13.0.1 Build 232 06/12/2013 Service Pack 1 SJ Web Edition
    Info: Processing started: Wed Oct 15 10:59:07 2025
Info: Command: quartus_map --read_settings_files=on --write_settings_files=off ULA_top -c ULA_top
Warning (20028): Parallel compilation is not licensed and has been disabled
Info (12021): Found 1 design units, including 1 entities, in source file and1bit.v
    Info (12023): Found entity 1: and1bit
Info (12021): Found 1 design units, including 1 entities, in source file and32bits.v
    Info (12023): Found entity 1: and32bits
Info (12021): Found 1 design units, including 1 entities, in source file or1bit.v
    Info (12023): Found entity 1: or1bit
Info (12021): Found 1 design units, including 1 entities, in source file or32bits.v
    Info (12023): Found entity 1: or32bits
Info (12021): Found 1 design units, including 1 entities, in source file somador1bit.v
    Info (12023): Found entity 1: somador1bit
Info (12021): Found 1 design units, including 1 entities, in source file somador32bits.v
    Info (12023): Found entity 1: somador32bits
Info (12021): Found 1 design units, including 1 entities, in source file mux2por1.v
    Info (12023): Found entity 1: mux2por1
Info (12021): Found 1 design units, including 1 entities, in source file mux8por1_1bit.v
    Info (12023): Found entity 1: mux8por1_1bit
Info (12021): Found 1 design units, including 1 entities, in source file mux8por1_32bits.v
    Info (12023): Found entity 1: mux8por1_32bits
Info (12021): Found 1 design units, including 1 entities, in source file ula32bits.v
    Info (12023): Found entity 1: ULA32bits
Info (12021): Found 1 design units, including 1 entities, in source file extensor_sinal.v
    Info (12023): Found entity 1: extensor_sinal
Info (12021): Found 1 design units, including 1 entities, in source file hex_display.v
    Info (12023): Found entity 1: hex_display
Info (12021): Found 1 design units, including 1 entities, in source file ula_tb.v
    Info (12023): Found entity 1: ULA_tb
Info (12021): Found 1 design units, including 1 entities, in source file ula_top.v
    Info (12023): Found entity 1: ULA_top
Info (12021): Found 1 design units, including 1 entities, in source file valor_absoluto.v
    Info (12023): Found entity 1: valor_absoluto
Info (12021): Found 1 design units, including 1 entities, in source file display_sinal.v
    Info (12023): Found entity 1: display_sinal
Info (12021): Found 1 design units, including 1 entities, in source file somador6bits.v
    Info (12023): Found entity 1: somador6bits
Info (12127): Elaborating entity "ULA_top" for the top level hierarchy
Warning (10230): Verilog HDL assignment warning at ULA_top.v(39): truncated value with size 6 to match size of target (4)
Warning (10230): Verilog HDL assignment warning at ULA_top.v(40): truncated value with size 6 to match size of target (4)
Info (12128): Elaborating entity "extensor_sinal" for hierarchy "extensor_sinal:a_estendido"
Info (12128): Elaborating entity "ULA32bits" for hierarchy "ULA32bits:ula"
Info (12128): Elaborating entity "and32bits" for hierarchy "ULA32bits:ula|and32bits:op_and"
Info (12128): Elaborating entity "and1bit" for hierarchy "ULA32bits:ula|and32bits:op_and|and1bit:ripple[0].op_and"
Info (12128): Elaborating entity "or32bits" for hierarchy "ULA32bits:ula|or32bits:op_or"
Info (12128): Elaborating entity "or1bit" for hierarchy "ULA32bits:ula|or32bits:op_or|or1bit:ripple[0].op_or"
Info (12128): Elaborating entity "somador32bits" for hierarchy "ULA32bits:ula|somador32bits:op_soma"
Info (12128): Elaborating entity "somador1bit" for hierarchy "ULA32bits:ula|somador32bits:op_soma|somador1bit:ripple[0].op_soma"
Info (12128): Elaborating entity "mux8por1_32bits" for hierarchy "ULA32bits:ula|mux8por1_32bits:op"
Info (12128): Elaborating entity "mux8por1_1bit" for hierarchy "ULA32bits:ula|mux8por1_32bits:op|mux8por1_1bit:ripple[0].op"
Info (12128): Elaborating entity "mux2por1" for hierarchy "ULA32bits:ula|mux8por1_32bits:op|mux8por1_1bit:ripple[0].op|mux2por1:mux1"
Info (12128): Elaborating entity "valor_absoluto" for hierarchy "valor_absoluto:res_abs"
Info (12128): Elaborating entity "somador6bits" for hierarchy "valor_absoluto:res_abs|somador6bits:abs"
Info (12128): Elaborating entity "display_sinal" for hierarchy "display_sinal:sinal_neg"
Info (12128): Elaborating entity "hex_display" for hierarchy "hex_display:s_uni"
Info (278001): Inferred 4 megafunctions from design logic
    Info (278004): Inferred divider/modulo megafunction ("lpm_divide") from the following logic: "Mod0"
    Info (278004): Inferred divider/modulo megafunction ("lpm_divide") from the following logic: "Div0"
    Info (278004): Inferred divider/modulo megafunction ("lpm_divide") from the following logic: "Mod2"
    Info (278004): Inferred divider/modulo megafunction ("lpm_divide") from the following logic: "Mod1"
Info (12130): Elaborated megafunction instantiation "lpm_divide:Mod0"
Info (12133): Instantiated megafunction "lpm_divide:Mod0" with the following parameter:
    Info (12134): Parameter "LPM_WIDTHN" = "6"
    Info (12134): Parameter "LPM_WIDTHD" = "4"
    Info (12134): Parameter "LPM_NREPRESENTATION" = "UNSIGNED"
    Info (12134): Parameter "LPM_DREPRESENTATION" = "UNSIGNED"
Info (12021): Found 1 design units, including 1 entities, in source file db/lpm_divide_25m.tdf
    Info (12023): Found entity 1: lpm_divide_25m
Info (12021): Found 1 design units, including 1 entities, in source file db/sign_div_unsign_9kh.tdf
    Info (12023): Found entity 1: sign_div_unsign_9kh
Info (12021): Found 1 design units, including 1 entities, in source file db/alt_u_div_kve.tdf
    Info (12023): Found entity 1: alt_u_div_kve
Info (12021): Found 1 design units, including 1 entities, in source file db/add_sub_lkc.tdf
    Info (12023): Found entity 1: add_sub_lkc
Info (12021): Found 1 design units, including 1 entities, in source file db/add_sub_mkc.tdf
    Info (12023): Found entity 1: add_sub_mkc
Info (12130): Elaborated megafunction instantiation "lpm_divide:Div0"
Info (12133): Instantiated megafunction "lpm_divide:Div0" with the following parameter:
    Info (12134): Parameter "LPM_WIDTHN" = "6"
    Info (12134): Parameter "LPM_WIDTHD" = "4"
    Info (12134): Parameter "LPM_NREPRESENTATION" = "UNSIGNED"
    Info (12134): Parameter "LPM_DREPRESENTATION" = "UNSIGNED"
Info (12021): Found 1 design units, including 1 entities, in source file db/lpm_divide_vcm.tdf
    Info (12023): Found entity 1: lpm_divide_vcm
Info (12130): Elaborated megafunction instantiation "lpm_divide:Mod2"
Info (12133): Instantiated megafunction "lpm_divide:Mod2" with the following parameter:
    Info (12134): Parameter "LPM_WIDTHN" = "4"
    Info (12134): Parameter "LPM_WIDTHD" = "4"
    Info (12134): Parameter "LPM_NREPRESENTATION" = "UNSIGNED"
    Info (12134): Parameter "LPM_DREPRESENTATION" = "UNSIGNED"
Info (12021): Found 1 design units, including 1 entities, in source file db/lpm_divide_05m.tdf
    Info (12023): Found entity 1: lpm_divide_05m
Info (12021): Found 1 design units, including 1 entities, in source file db/sign_div_unsign_7kh.tdf
    Info (12023): Found entity 1: sign_div_unsign_7kh
Info (12021): Found 1 design units, including 1 entities, in source file db/alt_u_div_gve.tdf
    Info (12023): Found entity 1: alt_u_div_gve
Warning (13024): Output pins are stuck at VCC or GND
    Warning (13410): Pin "HEX1[1]" is stuck at GND
    Warning (13410): Pin "HEX2[0]" is stuck at VCC
    Warning (13410): Pin "HEX2[1]" is stuck at VCC
    Warning (13410): Pin "HEX2[2]" is stuck at VCC
    Warning (13410): Pin "HEX2[3]" is stuck at VCC
    Warning (13410): Pin "HEX2[4]" is stuck at VCC
    Warning (13410): Pin "HEX2[5]" is stuck at VCC
    Warning (13410): Pin "HEX3[0]" is stuck at VCC
    Warning (13410): Pin "HEX3[1]" is stuck at VCC
    Warning (13410): Pin "HEX3[2]" is stuck at VCC
    Warning (13410): Pin "HEX3[3]" is stuck at VCC
    Warning (13410): Pin "HEX3[4]" is stuck at VCC
    Warning (13410): Pin "HEX3[5]" is stuck at VCC
    Warning (13410): Pin "HEX3[6]" is stuck at VCC
    Warning (13410): Pin "HEX5[1]" is stuck at GND
    Warning (13410): Pin "HEX5[2]" is stuck at GND
    Warning (13410): Pin "HEX5[6]" is stuck at VCC
    Warning (13410): Pin "HEX7[1]" is stuck at GND
    Warning (13410): Pin "HEX7[2]" is stuck at GND
    Warning (13410): Pin "HEX7[6]" is stuck at VCC
    Warning (13410): Pin "LEDR[0]" is stuck at GND
    Warning (13410): Pin "LEDR[1]" is stuck at GND
    Warning (13410): Pin "LEDR[2]" is stuck at GND
    Warning (13410): Pin "LEDR[3]" is stuck at GND
    Warning (13410): Pin "LEDR[4]" is stuck at GND
    Warning (13410): Pin "LEDR[5]" is stuck at GND
    Warning (13410): Pin "LEDR[6]" is stuck at GND
    Warning (13410): Pin "LEDR[7]" is stuck at GND
    Warning (13410): Pin "LEDR[8]" is stuck at GND
    Warning (13410): Pin "LEDR[9]" is stuck at GND
    Warning (13410): Pin "LEDR[10]" is stuck at GND
    Warning (13410): Pin "LEDR[11]" is stuck at GND
    Warning (13410): Pin "LEDR[12]" is stuck at GND
    Warning (13410): Pin "LEDR[13]" is stuck at GND
    Warning (13410): Pin "LEDR[14]" is stuck at GND
    Warning (13410): Pin "LEDR[15]" is stuck at GND
    Warning (13410): Pin "LEDR[16]" is stuck at GND
    Warning (13410): Pin "LEDR[17]" is stuck at GND
    Warning (13410): Pin "LEDG[1]" is stuck at GND
    Warning (13410): Pin "LEDG[2]" is stuck at GND
    Warning (13410): Pin "LEDG[3]" is stuck at GND
    Warning (13410): Pin "LEDG[4]" is stuck at GND
    Warning (13410): Pin "LEDG[5]" is stuck at GND
    Warning (13410): Pin "LEDG[6]" is stuck at GND
    Warning (13410): Pin "LEDG[7]" is stuck at GND
Info (16010): Generating hard_block partition "hard_block:auto_generated_inst"
    Info (16011): Adding 0 node(s), including 0 DDIO, 0 PLL, 0 transceiver and 0 LCELL
Warning (21074): Design contains 7 input pin(s) that do not drive logic
    Warning (15610): No output dependent on input pin "SW[3]"
    Warning (15610): No output dependent on input pin "SW[4]"
    Warning (15610): No output dependent on input pin "SW[5]"
    Warning (15610): No output dependent on input pin "SW[6]"
    Warning (15610): No output dependent on input pin "SW[11]"
    Warning (15610): No output dependent on input pin "SW[12]"
    Warning (15610): No output dependent on input pin "SW[13]"
Info (21057): Implemented 211 device resources after synthesis - the final resource count might be different
    Info (21058): Implemented 18 input pins
    Info (21059): Implemented 82 output pins
    Info (21061): Implemented 111 logic cells
Info: Quartus II 64-Bit Analysis & Synthesis was successful. 0 errors, 57 warnings
    Info: Peak virtual memory: 4625 megabytes
    Info: Processing ended: Wed Oct 15 10:59:18 2025
    Info: Elapsed time: 00:00:11
    Info: Total CPU time (on all processors): 00:00:05


